c:\users\58472\desktop\practiveforshader\sampleprojectbase\x64\debug\vc143.pdb
c:\users\58472\desktop\practiveforshader\sampleprojectbase\x64\debug\vc143.idb
c:\users\58472\desktop\practiveforshader\sampleprojectbase\x64\debug\shader.obj
c:\users\58472\desktop\practiveforshader\sampleprojectbase\x64\debug\sceneshading.obj
c:\users\58472\desktop\practiveforshader\sampleprojectbase\x64\debug\sceneblank.obj
c:\users\58472\desktop\practiveforshader\sampleprojectbase\x64\debug\scenebase.obj
c:\users\58472\desktop\practiveforshader\sampleprojectbase\x64\debug\sceneanimation.obj
c:\users\58472\desktop\practiveforshader\sampleprojectbase\x64\debug\pointlight.obj
c:\users\58472\desktop\practiveforshader\sampleprojectbase\x64\debug\movelight.obj
c:\users\58472\desktop\practiveforshader\sampleprojectbase\x64\debug\model.obj
c:\users\58472\desktop\practiveforshader\sampleprojectbase\x64\debug\main.obj
c:\users\58472\desktop\practiveforshader\sampleprojectbase\x64\debug\geometory.obj
c:\users\58472\desktop\practiveforshader\sampleprojectbase\x64\debug\meshbuffer.obj
c:\users\58472\desktop\practiveforshader\sampleprojectbase\x64\debug\lightbase.obj
c:\users\58472\desktop\practiveforshader\sampleprojectbase\x64\debug\input.obj
c:\users\58472\desktop\practiveforshader\sampleprojectbase\x64\debug\directx.obj
c:\users\58472\desktop\practiveforshader\sampleprojectbase\x64\debug\debuglog.obj
c:\users\58472\desktop\practiveforshader\sampleprojectbase\x64\debug\camerawipe.obj
c:\users\58472\desktop\practiveforshader\sampleprojectbase\x64\debug\camerawater.obj
c:\users\58472\desktop\practiveforshader\sampleprojectbase\x64\debug\camerabase.obj
c:\users\58472\desktop\practiveforshader\sampleprojectbase\x64\debug\cameradcc.obj
c:\users\58472\desktop\practiveforshader\sampleprojectbase\x64\debug\ball.obj
c:\users\58472\desktop\practiveforshader\sampleprojectbase\x64\debug\sceneroot.obj
c:\users\58472\desktop\practiveforshader\sampleprojectbase\x64\debug\texture.obj
c:\users\58472\desktop\practiveforshader\sampleprojectbase\x64\debug\startup.obj
c:\users\58472\desktop\practiveforshader\sampleprojectbase\x64\debug\sprite.obj
c:\users\58472\desktop\practiveforshader\sampleprojectbase\x64\debug\spotlight.obj
c:\users\58472\desktop\practiveforshader\sampleprojectbase\x64\debug\scenelight.obj
c:\users\58472\desktop\practiveforshader\sampleprojectbase\x64\debug\scenebumpmap.obj
c:\users\58472\desktop\practiveforshader\sampleprojectbase\x64\debug\scenepbr.obj
c:\users\58472\desktop\practiveforshader\sampleprojectbase\x64\debug\scenetoon.obj
c:\users\58472\desktop\practiveforshader\sampleprojectbase\assets\shader\ps_gouraudshading.cso
c:\users\58472\desktop\practiveforshader\sampleprojectbase\assets\shader\ps_texcolor.cso
c:\users\58472\desktop\practiveforshader\sampleprojectbase\assets\shader\vs_object.cso
c:\users\58472\desktop\practiveforshader\sampleprojectbase\assets\shader\vs_skinmeshanimation.cso
c:\users\58472\desktop\practiveforshader\sampleprojectbase\assets\shader\vs_worldposition.cso
c:\users\58472\desktop\practiveforshader\sampleprojectbase\assets\shader\ps_phongshading.cso
c:\users\58472\desktop\practiveforshader\sampleprojectbase\assets\shader\ps_phongspecular.cso
c:\users\58472\desktop\practiveforshader\sampleprojectbase\assets\shader\vs_gouraudshading.cso
c:\users\58472\desktop\practiveforshader\sampleprojectbase\assets\shader\ps_pointlight.cso
c:\users\58472\desktop\practiveforshader\sampleprojectbase\assets\shader\ps_spotlight.cso
c:\users\58472\desktop\practiveforshader\sampleprojectbase\assets\shader\ps_rimlight.cso
c:\users\58472\desktop\practiveforshader\sampleprojectbase\assets\shader\ps_bumpmap.cso
c:\users\58472\desktop\practiveforshader\sampleprojectbase\assets\shader\ps_parallaxmapping.cso
c:\users\58472\desktop\practiveforshader\sampleprojectbase\assets\shader\ps_parallaxocclusion.cso
c:\users\58472\desktop\practiveforshader\sampleprojectbase\assets\shader\vs_bumpmap.cso
c:\users\58472\desktop\practiveforshader\sampleprojectbase\assets\shader\ps_pbr.cso
c:\users\58472\desktop\practiveforshader\sampleprojectbase\assets\shader\vs_pbr.cso
c:\users\58472\desktop\practiveforshader\sampleprojectbase\assets\shader\ps_toon.cso
c:\users\58472\desktop\practiveforshader\sampleprojectbase\assets\shader\vs_outline.cso
c:\users\58472\desktop\practiveforshader\sampleprojectbase\assets\shader\ps_outline.cso
c:\users\58472\desktop\practiveforshader\sampleprojectbase\assets\shader\ps_alphadither.cso
c:\users\58472\desktop\practiveforshader\sampleprojectbase\assets\shader\ps_hatching.cso
c:\users\58472\desktop\practiveforshader\sampleprojectbase\assets\shader\vs_alphadither.cso
c:\users\58472\desktop\practiveforshader\x64\debug\sampleprojectbase.exe
c:\users\58472\desktop\practiveforshader\sampleprojectbase\x64\debug\sampleprojectbase.ilk
c:\users\58472\desktop\practiveforshader\x64\debug\sampleprojectbase.pdb
c:\users\58472\desktop\practiveforshader\sampleprojectbase\x64\debug\samplepr.d90e9305.tlog\cl.command.1.tlog
c:\users\58472\desktop\practiveforshader\sampleprojectbase\x64\debug\samplepr.d90e9305.tlog\cl.read.1.tlog
c:\users\58472\desktop\practiveforshader\sampleprojectbase\x64\debug\samplepr.d90e9305.tlog\cl.write.1.tlog
c:\users\58472\desktop\practiveforshader\sampleprojectbase\x64\debug\samplepr.d90e9305.tlog\fxc.command.1.tlog
c:\users\58472\desktop\practiveforshader\sampleprojectbase\x64\debug\samplepr.d90e9305.tlog\fxc.read.1.tlog
c:\users\58472\desktop\practiveforshader\sampleprojectbase\x64\debug\samplepr.d90e9305.tlog\fxc.write.1.tlog
c:\users\58472\desktop\practiveforshader\sampleprojectbase\x64\debug\samplepr.d90e9305.tlog\link.command.1.tlog
c:\users\58472\desktop\practiveforshader\sampleprojectbase\x64\debug\samplepr.d90e9305.tlog\link.read.1.tlog
c:\users\58472\desktop\practiveforshader\sampleprojectbase\x64\debug\samplepr.d90e9305.tlog\link.write.1.tlog
